<?xml version="1.0" encoding="UTF-8"?>
<testng-results ignored="0" total="1" passed="1" failed="0" skipped="0">
  <reporter-output>
  </reporter-output>
  <suite started-at="2022-11-22T18:16:22 IST" name="Default suite" finished-at="2022-11-22T18:16:31 IST" duration-ms="8345">
    <groups>
    </groups>
    <test started-at="2022-11-22T18:16:22 IST" name="Default test" finished-at="2022-11-22T18:16:31 IST" duration-ms="8345">
      <class name="Sample_Test_Report.Workin_With_Extent_Report">
        <test-method signature="ReportDemo()[pri:0, instance:Sample_Test_Report.Workin_With_Extent_Report@145f66e3]" started-at="2022-11-22T18:16:22 IST" name="ReportDemo" finished-at="2022-11-22T18:16:31 IST" duration-ms="8279" status="PASS">
          <reporter-output>
          </reporter-output>
        </test-method> <!-- ReportDemo -->
      </class> <!-- Sample_Test_Report.Workin_With_Extent_Report -->
    </test> <!-- Default test -->
  </suite> <!-- Default suite -->
</testng-results>
